[2023-05-22 18:15:33.084] [info] Using configuration file /home/root99/.config/waybar/config
[2023-05-22 18:15:33.084] [info] Using CSS file /home/root99/.config/waybar/style.css
[2023-05-22 18:15:33.098] [info] Hyprland IPC starting
[2023-05-22 18:15:33.127] [info] Bar configured (width: 1920, height: 40) for output: eDP-1
[2023-05-22 18:17:13.602] [info] Using configuration file /home/root99/.config/waybar/config
[2023-05-22 18:17:13.602] [info] Using CSS file /home/root99/.config/waybar/style.css
[2023-05-22 18:17:13.612] [info] Hyprland IPC starting
[2023-05-22 18:17:13.617] [warning] Waybar has been built without rfkill support.
[2023-05-22 18:17:13.785] [info] Bar configured (width: 1920, height: 40) for output: eDP-1
[2023-05-22 21:12:56.147] [info] Using configuration file /home/root99/.config/waybar/config
[2023-05-22 21:12:56.152] [info] Using CSS file /home/root99/.config/waybar/style.css
[2023-05-22 21:12:56.170] [info] Hyprland IPC starting
[2023-05-22 21:12:56.343] [info] Bar configured (width: 1920, height: 40) for output: eDP-1
ok
ok
sh: line 1: activate: command not found
ok
ok
ok
ok
ok
ok
ok
ok
ok
ok
ok
ok
sh: line 1: activate: command not found
ok
ok
ok
ok
sh: line 1: activate: command not found
ok
ok
ok
ok
ok
ok
ok
ok
ok
ok
ok
ok
ok
ok
ok
ok
ok
ok
ok
ok
ok
ok
sh: line 1: activate: command not found
ok
